<?xml version="1.0" encoding="UTF-8"?>
<testng-results ignored="0" total="1" passed="1" failed="0" skipped="0">
  <reporter-output>
  </reporter-output>
  <suite started-at="2022-06-26T18:08:01Z" name="Default suite" finished-at="2022-06-26T18:08:26Z" duration-ms="25760">
    <groups>
    </groups>
    <test started-at="2022-06-26T18:08:01Z" name="Default test" finished-at="2022-06-26T18:08:26Z" duration-ms="25760">
      <class name="com.automationpractice.testcases.Test_001">
        <test-method is-config="true" signature="initialSetup()[pri:0, instance:com.automationpractice.testcases.Test_001@455b6df1]" started-at="2022-06-26T18:08:01Z" name="initialSetup" finished-at="2022-06-26T18:08:14Z" duration-ms="13657" status="PASS">
          <reporter-output>
          </reporter-output>
        </test-method> <!-- initialSetup -->
        <test-method signature="SearchTest()[pri:0, instance:com.automationpractice.testcases.Test_001@455b6df1]" started-at="2022-06-26T18:08:14Z" name="SearchTest" finished-at="2022-06-26T18:08:26Z" duration-ms="11338" status="PASS">
          <reporter-output>
          </reporter-output>
        </test-method> <!-- SearchTest -->
        <test-method is-config="true" signature="cleanUp()[pri:0, instance:com.automationpractice.testcases.Test_001@455b6df1]" started-at="2022-06-26T18:08:26Z" name="cleanUp" finished-at="2022-06-26T18:08:26Z" duration-ms="716" status="PASS">
          <reporter-output>
          </reporter-output>
        </test-method> <!-- cleanUp -->
      </class> <!-- com.automationpractice.testcases.Test_001 -->
    </test> <!-- Default test -->
  </suite> <!-- Default suite -->
</testng-results>
